2012/12/15 18:13:00 [error] [exception.CHttpException.404] exception 'CHttpException' with message 'Unable to resolve the request "gi".' in D:\xampp\htdocs\eg\protected\yii\framework\web\CWebApplication.php:287
Stack trace:
#0 D:\xampp\htdocs\eg\protected\yii\framework\web\CWebApplication.php(142): CWebApplication->runController('gi')
#1 D:\xampp\htdocs\eg\protected\yii\framework\base\CApplication.php(162): CWebApplication->processRequest()
#2 D:\xampp\htdocs\eg\index.php(13): CApplication->run()
#3 {main}
REQUEST_URI=/eg/?r=gi
---
2012/12/15 18:12:10 [error] [system.db.CDbCommand] Error in preparing SQL: PRAGMA table_info('energy'.'member')
2012/12/15 18:12:10 [error] [system.db.CDbCommand] CDbCommand::fetchAll() failed: CDbCommand failed to prepare the SQL statement: SQLSTATE[HY000]: General error: 1 near ".": syntax error. The SQL statement executed was: PRAGMA table_info('energy'.'member').
2012/12/15 18:23:25 [error] [system.db.CDbCommand] CDbCommand::fetch() failed: SQLSTATE[HY093]: Invalid parameter number: number of bound variables does not match number of tokens. The SQL statement executed was: SELECT * FROM `member` `t` WHERE username=:u LIMIT 1.
in D:\xampp\htdocs\eg\protected\components\UserIdentity.php (36)
in D:\xampp\htdocs\eg\protected\models\LoginForm.php (52)
in D:\xampp\htdocs\eg\protected\controllers\SiteController.php (92)
2012/12/15 18:23:25 [error] [exception.CDbException] exception 'CDbException' with message 'CDbCommand failed to execute the SQL statement: SQLSTATE[HY093]: Invalid parameter number: number of bound variables does not match number of tokens. The SQL statement executed was: SELECT * FROM `member` `t` WHERE username=:u LIMIT 1' in D:\xampp\htdocs\eg\protected\yii\framework\db\CDbCommand.php:528
Stack trace:
#0 D:\xampp\htdocs\eg\protected\yii\framework\db\CDbCommand.php(408): CDbCommand->queryInternal('fetch', Array, Array)
#1 D:\xampp\htdocs\eg\protected\yii\framework\db\ar\CActiveRecord.php(1291): CDbCommand->queryRow()
#2 D:\xampp\htdocs\eg\protected\yii\framework\db\ar\CActiveRecord.php(1396): CActiveRecord->query(Object(CDbCriteria))
#3 D:\xampp\htdocs\eg\protected\components\UserIdentity.php(36): CActiveRecord->find('username=:u', Array)
#4 D:\xampp\htdocs\eg\protected\models\LoginForm.php(52): UserIdentity->authenticate()
#5 D:\xampp\htdocs\eg\protected\yii\framework\validators\CInlineValidator.php(43): LoginForm->authenticate('password', Array)
#6 D:\xampp\htdocs\eg\protected\yii\framework\validators\CValidator.php(214): CInlineValidator->validateAttribute(Object(LoginForm), 'password')
#7 D:\xampp\htdocs\eg\protected\yii\framework\base\CModel.php(158): CValidator->validate(Object(LoginForm), NULL)
#8 D:\xampp\htdocs\eg\protected\controllers\SiteController.php(92): CModel->validate()
#9 D:\xampp\htdocs\eg\protected\yii\framework\web\actions\CInlineAction.php(50): SiteController->actionLogin()
#10 D:\xampp\htdocs\eg\protected\yii\framework\web\CController.php(309): CInlineAction->runWithParams(Array)
#11 D:\xampp\htdocs\eg\protected\yii\framework\web\CController.php(287): CController->runAction(Object(CInlineAction))
#12 D:\xampp\htdocs\eg\protected\yii\framework\web\CController.php(266): CController->runActionWithFilters(Object(CInlineAction), Array)
#13 D:\xampp\htdocs\eg\protected\yii\framework\web\CWebApplication.php(283): CController->run('login')
#14 D:\xampp\htdocs\eg\protected\yii\framework\web\CWebApplication.php(142): CWebApplication->runController('site/login')
#15 D:\xampp\htdocs\eg\protected\yii\framework\base\CApplication.php(162): CWebApplication->processRequest()
#16 D:\xampp\htdocs\eg\index.php(13): CApplication->run()
#17 {main}
REQUEST_URI=/eg/?r=site/login
HTTP_REFERER=http://localhost/eg/?r=site/login
---
2012/12/15 18:35:14 [warning] [application] Failed to set unsafe attribute "rememberMe" of "LoginForm".
in D:\xampp\htdocs\eg\protected\controllers\SiteController.php (90)
in D:\xampp\htdocs\eg\index.php (13)
2012/12/15 18:35:14 [error] [exception.CException] exception 'CException' with message 'Property "LoginForm.rememberMe" is not defined.' in D:\xampp\htdocs\eg\protected\yii\framework\base\CComponent.php:131
Stack trace:
#0 D:\xampp\htdocs\eg\protected\models\LoginForm.php(70): CComponent->__get('rememberMe')
#1 D:\xampp\htdocs\eg\protected\controllers\SiteController.php(92): LoginForm->login()
#2 D:\xampp\htdocs\eg\protected\yii\framework\web\actions\CInlineAction.php(50): SiteController->actionLogin()
#3 D:\xampp\htdocs\eg\protected\yii\framework\web\CController.php(309): CInlineAction->runWithParams(Array)
#4 D:\xampp\htdocs\eg\protected\yii\framework\web\CController.php(287): CController->runAction(Object(CInlineAction))
#5 D:\xampp\htdocs\eg\protected\yii\framework\web\CController.php(266): CController->runActionWithFilters(Object(CInlineAction), Array)
#6 D:\xampp\htdocs\eg\protected\yii\framework\web\CWebApplication.php(283): CController->run('login')
#7 D:\xampp\htdocs\eg\protected\yii\framework\web\CWebApplication.php(142): CWebApplication->runController('site/login')
#8 D:\xampp\htdocs\eg\protected\yii\framework\base\CApplication.php(162): CWebApplication->processRequest()
#9 D:\xampp\htdocs\eg\index.php(13): CApplication->run()
#10 {main}
REQUEST_URI=/eg/?r=site/login
HTTP_REFERER=http://localhost/eg/?r=site/login
---
